[1209/113638.059:ERROR:process_memory_win.cc(73)] ReadMemory at 0x1db10280000 of 64 bytes failed: Seule une partie d’une requête ReadProcessMemory ou WriteProcessMemory a été effectuée. (0x12B)
[1209/113638.061:WARNING:pe_image_reader.cc(340)] could not read dos header from C:\WINDOWS\System32\shcore.dll
[1209/113638.061:ERROR:process_memory_win.cc(73)] ReadMemory at 0x7ff677990000 of 64 bytes failed: Seule une partie d’une requête ReadProcessMemory ou WriteProcessMemory a été effectuée. (0x12B)
[1209/113638.061:WARNING:pe_image_reader.cc(340)] could not read dos header from C:\Program Files (x86)\Google\Chrome\Application\chrome.exe
[1209/113638.061:ERROR:process_memory_win.cc(73)] ReadMemory at 0x7ff677990000 of 64 bytes failed: Seule une partie d’une requête ReadProcessMemory ou WriteProcessMemory a été effectuée. (0x12B)
[1209/113638.061:WARNING:pe_image_reader.cc(340)] could not read dos header from C:\Program Files (x86)\Google\Chrome\Application\chrome.exe
[1209/113638.062:ERROR:process_memory_win.cc(73)] ReadMemory at 0x1db10229da0 of 72 bytes failed: Seule une partie d’une requête ReadProcessMemory ou WriteProcessMemory a été effectuée. (0x12B)
[1209/113638.062:WARNING:pe_image_annotations_reader.cc(134)] could not read annotations list object in C:\Program Files (x86)\Google\Chrome\Application\79.0.3945.88\chrome_elf.dll
[1209/113638.062:ERROR:process_memory_win.cc(73)] ReadMemory at 0x7ff9b6260000 of 64 bytes failed: Seule une partie d’une requête ReadProcessMemory ou WriteProcessMemory a été effectuée. (0x12B)
[1209/113638.062:WARNING:pe_image_reader.cc(340)] could not read dos header from C:\Program Files (x86)\Google\Chrome\Application\79.0.3945.88\chrome_child.dll
[1209/113638.062:ERROR:process_memory_win.cc(73)] ReadMemory at 0x7ff9b6260000 of 64 bytes failed: Seule une partie d’une requête ReadProcessMemory ou WriteProcessMemory a été effectuée. (0x12B)
[1209/113638.062:WARNING:pe_image_reader.cc(340)] could not read dos header from C:\Program Files (x86)\Google\Chrome\Application\79.0.3945.88\chrome_child.dll
[1209/113638.062:ERROR:process_memory_win.cc(73)] ReadMemory at 0x7ffa1e980000 of 64 bytes failed: Seule une partie d’une requête ReadProcessMemory ou WriteProcessMemory a été effectuée. (0x12B)
[1209/113638.062:WARNING:pe_image_reader.cc(340)] could not read dos header from C:\WINDOWS\System32\WINTRUST.dll
[1209/113638.063:ERROR:process_memory_win.cc(73)] ReadMemory at 0x7ffa1e980000 of 64 bytes failed: Seule une partie d’une requête ReadProcessMemory ou WriteProcessMemory a été effectuée. (0x12B)
[1209/113638.063:WARNING:pe_image_reader.cc(340)] could not read dos header from C:\WINDOWS\System32\WINTRUST.dll
[1209/113638.063:ERROR:process_memory_win.cc(73)] ReadMemory at 0x7ffa1e800000 of 64 bytes failed: Seule une partie d’une requête ReadProcessMemory ou WriteProcessMemory a été effectuée. (0x12B)
[1209/113638.063:WARNING:pe_image_reader.cc(340)] could not read dos header from C:\WINDOWS\System32\MSASN1.dll
[1209/113638.063:ERROR:process_memory_win.cc(73)] ReadMemory at 0x7ffa1e800000 of 64 bytes failed: Seule une partie d’une requête ReadProcessMemory ou WriteProcessMemory a été effectuée. (0x12B)
[1209/113638.063:WARNING:pe_image_reader.cc(340)] could not read dos header from C:\WINDOWS\System32\MSASN1.dll
[1209/113638.063:ERROR:process_memory_win.cc(73)] ReadMemory at 0x7ffa1ede0000 of 64 bytes failed: Seule une partie d’une requête ReadProcessMemory ou WriteProcessMemory a été effectuée. (0x12B)
[1209/113638.063:WARNING:pe_image_reader.cc(340)] could not read dos header from C:\WINDOWS\System32\CRYPT32.dll
[1209/113638.063:ERROR:process_memory_win.cc(73)] ReadMemory at 0x7ffa1ede0000 of 64 bytes failed: Seule une partie d’une requête ReadProcessMemory ou WriteProcessMemory a été effectuée. (0x12B)
[1209/113638.063:WARNING:pe_image_reader.cc(340)] could not read dos header from C:\WINDOWS\System32\CRYPT32.dll
[1209/113638.063:ERROR:process_memory_win.cc(73)] ReadMemory at 0x7ffa1dcd0000 of 64 bytes failed: Seule une partie d’une requête ReadProcessMemory ou WriteProcessMemory a été effectuée. (0x12B)
[1209/113638.063:WARNING:pe_image_reader.cc(340)] could not read dos header from C:\WINDOWS\SYSTEM32\IPHLPAPI.DLL
[1209/113638.063:ERROR:process_memory_win.cc(73)] ReadMemory at 0x7ffa1dcd0000 of 64 bytes failed: Seule une partie d’une requête ReadProcessMemory ou WriteProcessMemory a été effectuée. (0x12B)
[1209/113638.063:WARNING:pe_image_reader.cc(340)] could not read dos header from C:\WINDOWS\SYSTEM32\IPHLPAPI.DLL
[1209/113638.063:ERROR:process_memory_win.cc(73)] ReadMemory at 0x7ffa1bdc0000 of 64 bytes failed: Seule une partie d’une requête ReadProcessMemory ou WriteProcessMemory a été effectuée. (0x12B)
[1209/113638.063:WARNING:pe_image_reader.cc(340)] could not read dos header from C:\WINDOWS\SYSTEM32\WINMM.dll
[1209/113638.063:ERROR:process_memory_win.cc(73)] ReadMemory at 0x7ffa1bdc0000 of 64 bytes failed: Seule une partie d’une requête ReadProcessMemory ou WriteProcessMemory a été effectuée. (0x12B)
[1209/113638.063:WARNING:pe_image_reader.cc(340)] could not read dos header from C:\WINDOWS\SYSTEM32\WINMM.dll
[1209/113638.063:ERROR:process_memory_win.cc(73)] ReadMemory at 0x7ffa1e6b0000 of 64 bytes failed: Seule une partie d’une requête ReadProcessMemory ou WriteProcessMemory a été effectuée. (0x12B)
[1209/113638.063:WARNING:pe_image_reader.cc(340)] could not read dos header from C:\WINDOWS\SYSTEM32\USERENV.dll
[1209/113638.063:ERROR:process_memory_win.cc(73)] ReadMemory at 0x7ffa1e6b0000 of 64 bytes failed: Seule une partie d’une requête ReadProcessMemory ou WriteProcessMemory a été effectuée. (0x12B)
[1209/113638.063:WARNING:pe_image_reader.cc(340)] could not read dos header from C:\WINDOWS\SYSTEM32\USERENV.dll
[1209/113638.063:ERROR:process_memory_win.cc(73)] ReadMemory at 0x7ffa1e870000 of 64 bytes failed: Seule une partie d’une requête ReadProcessMemory ou WriteProcessMemory a été effectuée. (0x12B)
[1209/113638.063:WARNING:pe_image_reader.cc(340)] could not read dos header from C:\WINDOWS\System32\profapi.dll
[1209/113638.063:ERROR:process_memory_win.cc(73)] ReadMemory at 0x7ffa1e870000 of 64 bytes failed: Seule une partie d’une requête ReadProcessMemory ou WriteProcessMemory a été effectuée. (0x12B)
[1209/113638.063:WARNING:pe_image_reader.cc(340)] could not read dos header from C:\WINDOWS\System32\profapi.dll
[1209/113638.064:ERROR:process_memory_win.cc(73)] ReadMemory at 0x7ff9f6940000 of 64 bytes failed: Seule une partie d’une requête ReadProcessMemory ou WriteProcessMemory a été effectuée. (0x12B)
[1209/113638.064:WARNING:pe_image_reader.cc(340)] could not read dos header from C:\WINDOWS\SYSTEM32\DWrite.dll
[1209/113638.064:ERROR:process_memory_win.cc(73)] ReadMemory at 0x7ff9f6940000 of 64 bytes failed: Seule une partie d’une requête ReadProcessMemory ou WriteProcessMemory a été effectuée. (0x12B)
[1209/113638.064:WARNING:pe_image_reader.cc(340)] could not read dos header from C:\WINDOWS\SYSTEM32\DWrite.dll
[1209/113638.064:ERROR:process_memory_win.cc(73)] ReadMemory at 0x7ffa026d0000 of 64 bytes failed: Seule une partie d’une requête ReadProcessMemory ou WriteProcessMemory a été effectuée. (0x12B)
[1209/113638.064:WARNING:pe_image_reader.cc(340)] could not read dos header from C:\WINDOWS\SYSTEM32\WINSPOOL.DRV
[1209/113638.064:ERROR:process_memory_win.cc(73)] ReadMemory at 0x7ffa026d0000 of 64 bytes failed: Seule une partie d’une requête ReadProcessMemory ou WriteProcessMemory a été effectuée. (0x12B)
[1209/113638.064:WARNING:pe_image_reader.cc(340)] could not read dos header from C:\WINDOWS\SYSTEM32\WINSPOOL.DRV
[1209/113638.064:ERROR:process_memory_win.cc(73)] ReadMemory at 0x7ffa1e7e0000 of 64 bytes failed: Seule une partie d’une requête ReadProcessMemory ou WriteProcessMemory a été effectuée. (0x12B)
[1209/113638.064:WARNING:pe_image_reader.cc(340)] could not read dos header from C:\WINDOWS\System32\kernel.appcore.dll
[1209/113638.064:ERROR:process_memory_win.cc(73)] ReadMemory at 0x7ffa1e7e0000 of 64 bytes failed: Seule une partie d’une requête ReadProcessMemory ou WriteProcessMemory a été effectuée. (0x12B)
[1209/113638.064:WARNING:pe_image_reader.cc(340)] could not read dos header from C:\WINDOWS\System32\kernel.appcore.dll
[1209/113638.064:ERROR:process_memory_win.cc(73)] ReadMemory at 0x7ffa1e8a0000 of 64 bytes failed: Seule une partie d’une requête ReadProcessMemory ou WriteProcessMemory a été effectuée. (0x12B)
[1209/113638.064:WARNING:pe_image_reader.cc(340)] could not read dos header from C:\WINDOWS\System32\bcrypt.dll
[1209/113638.064:ERROR:process_memory_win.cc(73)] ReadMemory at 0x7ffa1e8a0000 of 64 bytes failed: Seule une partie d’une requête ReadProcessMemory ou WriteProcessMemory a été effectuée. (0x12B)
[1209/113638.064:WARNING:pe_image_reader.cc(340)] could not read dos header from C:\WINDOWS\System32\bcrypt.dll
[1209/113638.064:ERROR:process_memory_win.cc(73)] ReadMemory at 0x7ffa1d0c0000 of 64 bytes failed: Seule une partie d’une requête ReadProcessMemory ou WriteProcessMemory a été effectuée. (0x12B)
[1209/113638.064:WARNING:pe_image_reader.cc(340)] could not read dos header from C:\WINDOWS\SYSTEM32\dbghelp.dll
[1209/113638.064:ERROR:process_memory_win.cc(73)] ReadMemory at 0x7ffa1d0c0000 of 64 bytes failed: Seule une partie d’une requête ReadProcessMemory ou WriteProcessMemory a été effectuée. (0x12B)
[1209/113638.064:WARNING:pe_image_reader.cc(340)] could not read dos header from C:\WINDOWS\SYSTEM32\dbghelp.dll
[1209/113638.064:ERROR:process_memory_win.cc(73)] ReadMemory at 0x7ff9fb760000 of 64 bytes failed: Seule une partie d’une requête ReadProcessMemory ou WriteProcessMemory a été effectuée. (0x12B)
[1209/113638.064:WARNING:pe_image_reader.cc(340)] could not read dos header from C:\WINDOWS\SYSTEM32\Secur32.dll
[1209/113638.065:ERROR:process_memory_win.cc(73)] ReadMemory at 0x7ff9fb760000 of 64 bytes failed: Seule une partie d’une requête ReadProcessMemory ou WriteProcessMemory a été effectuée. (0x12B)
[1209/113638.065:WARNING:pe_image_reader.cc(340)] could not read dos header from C:\WINDOWS\SYSTEM32\Secur32.dll
[1209/113638.065:ERROR:process_memory_win.cc(73)] ReadMemory at 0x7ffa0cb40000 of 64 bytes failed: Seule une partie d’une requête ReadProcessMemory ou WriteProcessMemory a été effectuée. (0x12B)
[1209/113638.065:WARNING:pe_image_reader.cc(340)] could not read dos header from C:\WINDOWS\SYSTEM32\WINHTTP.dll
[1209/113638.065:ERROR:process_memory_win.cc(73)] ReadMemory at 0x7ffa0cb40000 of 64 bytes failed: Seule une partie d’une requête ReadProcessMemory ou WriteProcessMemory a été effectuée. (0x12B)
[1209/113638.065:WARNING:pe_image_reader.cc(340)] could not read dos header from C:\WINDOWS\SYSTEM32\WINHTTP.dll
[1209/113638.065:ERROR:process_memory_win.cc(73)] ReadMemory at 0x7ffa144a0000 of 64 bytes failed: Seule une partie d’une requête ReadProcessMemory ou WriteProcessMemory a été effectuée. (0x12B)
[1209/113638.065:WARNING:pe_image_reader.cc(340)] could not read dos header from C:\WINDOWS\SYSTEM32\dhcpcsvc.DLL
[1209/113638.065:ERROR:process_memory_win.cc(73)] ReadMemory at 0x7ffa144a0000 of 64 bytes failed: Seule une partie d’une requête ReadProcessMemory ou WriteProcessMemory a été effectuée. (0x12B)
[1209/113638.065:WARNING:pe_image_reader.cc(340)] could not read dos header from C:\WINDOWS\SYSTEM32\dhcpcsvc.DLL
[1209/113638.065:ERROR:process_memory_win.cc(73)] ReadMemory at 0x7ffa1fc30000 of 64 bytes failed: Seule une partie d’une requête ReadProcessMemory ou WriteProcessMemory a été effectuée. (0x12B)
[1209/113638.065:WARNING:pe_image_reader.cc(340)] could not read dos header from C:\WINDOWS\System32\NSI.dll
[1209/113638.065:ERROR:process_memory_win.cc(73)] ReadMemory at 0x7ffa1fc30000 of 64 bytes failed: Seule une partie d’une requête ReadProcessMemory ou WriteProcessMemory a été effectuée. (0x12B)
[1209/113638.065:WARNING:pe_image_reader.cc(340)] could not read dos header from C:\WINDOWS\System32\NSI.dll
[1209/113638.065:ERROR:process_memory_win.cc(73)] ReadMemory at 0x7ffa1bd90000 of 64 bytes failed: Seule une partie d’une requête ReadProcessMemory ou WriteProcessMemory a été effectuée. (0x12B)
[1209/113638.065:WARNING:pe_image_reader.cc(340)] could not read dos header from C:\WINDOWS\SYSTEM32\WINMMBASE.dll
[1209/113638.065:ERROR:process_memory_win.cc(73)] ReadMemory at 0x7ffa1bd90000 of 64 bytes failed: Seule une partie d’une requête ReadProcessMemory ou WriteProcessMemory a été effectuée. (0x12B)
[1209/113638.065:WARNING:pe_image_reader.cc(340)] could not read dos header from C:\WINDOWS\SYSTEM32\WINMMBASE.dll
[1209/113638.065:ERROR:process_memory_win.cc(73)] ReadMemory at 0x7ffa1ed90000 of 64 bytes failed: Seule une partie d’une requête ReadProcessMemory ou WriteProcessMemory a été effectuée. (0x12B)
[1209/113638.065:WARNING:pe_image_reader.cc(340)] could not read dos header from C:\WINDOWS\System32\cfgmgr32.dll
[1209/113638.065:ERROR:process_memory_win.cc(73)] ReadMemory at 0x7ffa1ed90000 of 64 bytes failed: Seule une partie d’une requête ReadProcessMemory ou WriteProcessMemory a été effectuée. (0x12B)
[1209/113638.066:WARNING:pe_image_reader.cc(340)] could not read dos header from C:\WINDOWS\System32\cfgmgr32.dll
[1209/113638.066:ERROR:process_memory_win.cc(73)] ReadMemory at 0x7ffa1bac0000 of 64 bytes failed: Seule une partie d’une requête ReadProcessMemory ou WriteProcessMemory a été effectuée. (0x12B)
[1209/113638.066:WARNING:pe_image_reader.cc(340)] could not read dos header from C:\WINDOWS\SYSTEM32\PROPSYS.dll
[1209/113638.066:ERROR:process_memory_win.cc(73)] ReadMemory at 0x7ffa1bac0000 of 64 bytes failed: Seule une partie d’une requête ReadProcessMemory ou WriteProcessMemory a été effectuée. (0x12B)
[1209/113638.066:WARNING:pe_image_reader.cc(340)] could not read dos header from C:\WINDOWS\SYSTEM32\PROPSYS.dll
[1209/113638.066:ERROR:process_memory_win.cc(73)] ReadMemory at 0x1db10280000 of 64 bytes failed: Seule une partie d’une requête ReadProcessMemory ou WriteProcessMemory a été effectuée. (0x12B)
[1209/113638.066:WARNING:pe_image_reader.cc(340)] could not read dos header from C:\WINDOWS\System32\shcore.dll
[1209/113638.066:ERROR:process_memory_win.cc(73)] ReadMemory at 0x1db10280000 of 64 bytes failed: Seule une partie d’une requête ReadProcessMemory ou WriteProcessMemory a été effectuée. (0x12B)
[1209/113638.066:WARNING:pe_image_reader.cc(340)] could not read dos header from C:\WINDOWS\System32\shcore.dll
[1209/113638.066:ERROR:process_memory_win.cc(73)] ReadMemory at 0x7ffa1e6e0000 of 64 bytes failed: Seule une partie d’une requête ReadProcessMemory ou WriteProcessMemory a été effectuée. (0x12B)
[1209/113638.066:WARNING:pe_image_reader.cc(340)] could not read dos header from C:\WINDOWS\SYSTEM32\SSPICLI.DLL
[1209/113638.066:ERROR:process_memory_win.cc(73)] ReadMemory at 0x7ffa1e6e0000 of 64 bytes failed: Seule une partie d’une requête ReadProcessMemory ou WriteProcessMemory a été effectuée. (0x12B)
[1209/113638.066:WARNING:pe_image_reader.cc(340)] could not read dos header from C:\WINDOWS\SYSTEM32\SSPICLI.DLL
[1209/113638.066:ERROR:process_memory_win.cc(73)] ReadMemory at 0x7ffa1e190000 of 64 bytes failed: Seule une partie d’une requête ReadProcessMemory ou WriteProcessMemory a été effectuée. (0x12B)
[1209/113638.066:WARNING:pe_image_reader.cc(340)] could not read dos header from C:\WINDOWS\SYSTEM32\CRYPTBASE.DLL
[1209/113638.066:ERROR:process_memory_win.cc(73)] ReadMemory at 0x7ffa1e190000 of 64 bytes failed: Seule une partie d’une requête ReadProcessMemory ou WriteProcessMemory a été effectuée. (0x12B)
[1209/113638.066:WARNING:pe_image_reader.cc(340)] could not read dos header from C:\WINDOWS\SYSTEM32\CRYPTBASE.DLL
[1209/113638.151:ERROR:process_memory_win.cc(73)] ReadMemory at 0x7ff677990000 of 64 bytes failed: Seule une partie d’une requête ReadProcessMemory ou WriteProcessMemory a été effectuée. (0x12B)
[1209/113638.151:WARNING:pe_image_reader.cc(340)] could not read dos header from C:\Program Files (x86)\Google\Chrome\Application\chrome.exe
[1209/113638.151:ERROR:process_memory_win.cc(73)] ReadMemory at 0x7ffa21920000 of 64 bytes failed: Seule une partie d’une requête ReadProcessMemory ou WriteProcessMemory a été effectuée. (0x12B)
[1209/113638.151:WARNING:pe_image_reader.cc(340)] could not read dos header from C:\WINDOWS\SYSTEM32\ntdll.dll
[1209/113638.151:ERROR:process_memory_win.cc(73)] ReadMemory at 0x7ffa216e0000 of 64 bytes failed: Seule une partie d’une requête ReadProcessMemory ou WriteProcessMemory a été effectuée. (0x12B)
[1209/113638.151:WARNING:pe_image_reader.cc(340)] could not read dos header from C:\WINDOWS\System32\KERNEL32.DLL
[1209/113638.151:ERROR:process_memory_win.cc(73)] ReadMemory at 0x7ffa1e9e0000 of 64 bytes failed: Seule une partie d’une requête ReadProcessMemory ou WriteProcessMemory a été effectuée. (0x12B)
[1209/113638.151:WARNING:pe_image_reader.cc(340)] could not read dos header from C:\WINDOWS\System32\KERNELBASE.dll
[1209/113638.151:ERROR:process_memory_win.cc(73)] ReadMemory at 0x7ff9dab10000 of 64 bytes failed: Seule une partie d’une requête ReadProcessMemory ou WriteProcessMemory a été effectuée. (0x12B)
[1209/113638.151:WARNING:pe_image_reader.cc(340)] could not read dos header from C:\Program Files (x86)\Google\Chrome\Application\79.0.3945.88\chrome_elf.dll
[1209/113638.151:ERROR:process_memory_win.cc(73)] ReadMemory at 0x7ffa17600000 of 64 bytes failed: Seule une partie d’une requête ReadProcessMemory ou WriteProcessMemory a été effectuée. (0x12B)
[1209/113638.151:WARNING:pe_image_reader.cc(340)] could not read dos header from C:\WINDOWS\SYSTEM32\VERSION.dll
[1209/113638.151:ERROR:process_memory_win.cc(73)] ReadMemory at 0x7ffa20470000 of 64 bytes failed: Seule une partie d’une requête ReadProcessMemory ou WriteProcessMemory a été effectuée. (0x12B)
[1209/113638.151:WARNING:pe_image_reader.cc(340)] could not read dos header from C:\WINDOWS\System32\msvcrt.dll
[1209/113638.151:ERROR:process_memory_win.cc(73)] ReadMemory at 0x7ffa1f950000 of 64 bytes failed: Seule une partie d’une requête ReadProcessMemory ou WriteProcessMemory a été effectuée. (0x12B)
[1209/113638.151:WARNING:pe_image_reader.cc(340)] could not read dos header from C:\WINDOWS\System32\bcryptPrimitives.dll
[1209/113638.151:ERROR:process_memory_win.cc(73)] ReadMemory at 0x7ffa20370000 of 64 bytes failed: Seule une partie d’une requête ReadProcessMemory ou WriteProcessMemory a été effectuée. (0x12B)
[1209/113638.151:WARNING:pe_image_reader.cc(340)] could not read dos header from C:\WINDOWS\System32\ADVAPI32.dll
[1209/113638.151:ERROR:process_memory_win.cc(73)] ReadMemory at 0x7ffa201a0000 of 64 bytes failed: Seule une partie d’une requête ReadProcessMemory ou WriteProcessMemory a été effectuée. (0x12B)
[1209/113638.151:WARNING:pe_image_reader.cc(340)] could not read dos header from C:\WINDOWS\System32\sechost.dll
[1209/113638.151:ERROR:process_memory_win.cc(73)] ReadMemory at 0x7ffa1fb10000 of 64 bytes failed: Seule une partie d’une requête ReadProcessMemory ou WriteProcessMemory a été effectuée. (0x12B)
[1209/113638.151:WARNING:pe_image_reader.cc(340)] could not read dos header from C:\WINDOWS\System32\RPCRT4.dll
[1209/113638.151:ERROR:process_memory_win.cc(73)] ReadMemory at 0x7ff9b6260000 of 64 bytes failed: Seule une partie d’une requête ReadProcessMemory ou WriteProcessMemory a été effectuée. (0x12B)
[1209/113638.151:WARNING:pe_image_reader.cc(340)] could not read dos header from C:\Program Files (x86)\Google\Chrome\Application\79.0.3945.88\chrome_child.dll
[1209/113638.151:ERROR:process_memory_win.cc(73)] ReadMemory at 0x7ffa20c70000 of 64 bytes failed: Seule une partie d’une requête ReadProcessMemory ou WriteProcessMemory a été effectuée. (0x12B)
[1209/113638.151:WARNING:pe_image_reader.cc(340)] could not read dos header from C:\WINDOWS\System32\OLEAUT32.dll
[1209/113638.152:ERROR:process_memory_win.cc(73)] ReadMemory at 0x7ffa1f860000 of 64 bytes failed: Seule une partie d’une requête ReadProcessMemory ou WriteProcessMemory a été effectuée. (0x12B)
[1209/113638.152:WARNING:pe_image_reader.cc(340)] could not read dos header from C:\WINDOWS\System32\msvcp_win.dll
[1209/113638.152:ERROR:process_memory_win.cc(73)] ReadMemory at 0x7ffa1ec90000 of 64 bytes failed: Seule une partie d’une requête ReadProcessMemory ou WriteProcessMemory a été effectuée. (0x12B)
[1209/113638.152:WARNING:pe_image_reader.cc(340)] could not read dos header from C:\WINDOWS\System32\ucrtbase.dll
[1209/113638.152:ERROR:process_memory_win.cc(73)] ReadMemory at 0x7ffa20d40000 of 64 bytes failed: Seule une partie d’une requête ReadProcessMemory ou WriteProcessMemory a été effectuée. (0x12B)
[1209/113638.152:WARNING:pe_image_reader.cc(340)] could not read dos header from C:\WINDOWS\System32\combase.dll
[1209/113638.152:ERROR:process_memory_win.cc(73)] ReadMemory at 0x7ffa20510000 of 64 bytes failed: Seule une partie d’une requête ReadProcessMemory ou WriteProcessMemory a été effectuée. (0x12B)
[1209/113638.152:WARNING:pe_image_reader.cc(340)] could not read dos header from C:\WINDOWS\System32\WS2_32.dll
[1209/113638.152:ERROR:process_memory_win.cc(73)] ReadMemory at 0x7ffa1e980000 of 64 bytes failed: Seule une partie d’une requête ReadProcessMemory ou WriteProcessMemory a été effectuée. (0x12B)
[1209/113638.152:WARNING:pe_image_reader.cc(340)] could not read dos header from C:\WINDOWS\System32\WINTRUST.dll
[1209/113638.152:ERROR:process_memory_win.cc(73)] ReadMemory at 0x7ffa1e800000 of 64 bytes failed: Seule une partie d’une requête ReadProcessMemory ou WriteProcessMemory a été effectuée. (0x12B)
[1209/113638.152:WARNING:pe_image_reader.cc(340)] could not read dos header from C:\WINDOWS\System32\MSASN1.dll
[1209/113638.152:ERROR:process_memory_win.cc(73)] ReadMemory at 0x7ffa1ede0000 of 64 bytes failed: Seule une partie d’une requête ReadProcessMemory ou WriteProcessMemory a été effectuée. (0x12B)
[1209/113638.152:WARNING:pe_image_reader.cc(340)] could not read dos header from C:\WINDOWS\System32\CRYPT32.dll
[1209/113638.152:ERROR:process_memory_win.cc(73)] ReadMemory at 0x7ffa1dcd0000 of 64 bytes failed: Seule une partie d’une requête ReadProcessMemory ou WriteProcessMemory a été effectuée. (0x12B)
[1209/113638.152:WARNING:pe_image_reader.cc(340)] could not read dos header from C:\WINDOWS\SYSTEM32\IPHLPAPI.DLL
[1209/113638.152:ERROR:process_memory_win.cc(73)] ReadMemory at 0x7ffa1bdc0000 of 64 bytes failed: Seule une partie d’une requête ReadProcessMemory ou WriteProcessMemory a été effectuée. (0x12B)
[1209/113638.152:WARNING:pe_image_reader.cc(340)] could not read dos header from C:\WINDOWS\SYSTEM32\WINMM.dll
[1209/113638.152:ERROR:process_memory_win.cc(73)] ReadMemory at 0x7ffa1e6b0000 of 64 bytes failed: Seule une partie d’une requête ReadProcessMemory ou WriteProcessMemory a été effectuée. (0x12B)
[1209/113638.152:WARNING:pe_image_reader.cc(340)] could not read dos header from C:\WINDOWS\SYSTEM32\USERENV.dll
[1209/113638.152:ERROR:process_memory_win.cc(73)] ReadMemory at 0x7ffa1e870000 of 64 bytes failed: Seule une partie d’une requête ReadProcessMemory ou WriteProcessMemory a été effectuée. (0x12B)
[1209/113638.152:WARNING:pe_image_reader.cc(340)] could not read dos header from C:\WINDOWS\System32\profapi.dll
[1209/113638.152:ERROR:process_memory_win.cc(73)] ReadMemory at 0x7ff9f6940000 of 64 bytes failed: Seule une partie d’une requête ReadProcessMemory ou WriteProcessMemory a été effectuée. (0x12B)
[1209/113638.152:WARNING:pe_image_reader.cc(340)] could not read dos header from C:\WINDOWS\SYSTEM32\DWrite.dll
[1209/113638.152:ERROR:process_memory_win.cc(73)] ReadMemory at 0x7ffa026d0000 of 64 bytes failed: Seule une partie d’une requête ReadProcessMemory ou WriteProcessMemory a été effectuée. (0x12B)
[1209/113638.152:WARNING:pe_image_reader.cc(340)] could not read dos header from C:\WINDOWS\SYSTEM32\WINSPOOL.DRV
[1209/113638.152:ERROR:process_memory_win.cc(73)] ReadMemory at 0x7ffa1e7e0000 of 64 bytes failed: Seule une partie d’une requête ReadProcessMemory ou WriteProcessMemory a été effectuée. (0x12B)
[1209/113638.152:WARNING:pe_image_reader.cc(340)] could not read dos header from C:\WINDOWS\System32\kernel.appcore.dll
[1209/113638.152:ERROR:process_memory_win.cc(73)] ReadMemory at 0x7ffa1e8a0000 of 64 bytes failed: Seule une partie d’une requête ReadProcessMemory ou WriteProcessMemory a été effectuée. (0x12B)
[1209/113638.152:WARNING:pe_image_reader.cc(340)] could not read dos header from C:\WINDOWS\System32\bcrypt.dll
[1209/113638.152:ERROR:process_memory_win.cc(73)] ReadMemory at 0x7ffa1d0c0000 of 64 bytes failed: Seule une partie d’une requête ReadProcessMemory ou WriteProcessMemory a été effectuée. (0x12B)
[1209/113638.152:WARNING:pe_image_reader.cc(340)] could not read dos header from C:\WINDOWS\SYSTEM32\dbghelp.dll
[1209/113638.152:ERROR:process_memory_win.cc(73)] ReadMemory at 0x7ff9fb760000 of 64 bytes failed: Seule une partie d’une requête ReadProcessMemory ou WriteProcessMemory a été effectuée. (0x12B)
[1209/113638.152:WARNING:pe_image_reader.cc(340)] could not read dos header from C:\WINDOWS\SYSTEM32\Secur32.dll
[1209/113638.152:ERROR:process_memory_win.cc(73)] ReadMemory at 0x7ffa0cb40000 of 64 bytes failed: Seule une partie d’une requête ReadProcessMemory ou WriteProcessMemory a été effectuée. (0x12B)
[1209/113638.152:WARNING:pe_image_reader.cc(340)] could not read dos header from C:\WINDOWS\SYSTEM32\WINHTTP.dll
[1209/113638.152:ERROR:process_memory_win.cc(73)] ReadMemory at 0x7ffa144a0000 of 64 bytes failed: Seule une partie d’une requête ReadProcessMemory ou WriteProcessMemory a été effectuée. (0x12B)
[1209/113638.152:WARNING:pe_image_reader.cc(340)] could not read dos header from C:\WINDOWS\SYSTEM32\dhcpcsvc.DLL
[1209/113638.152:ERROR:process_memory_win.cc(73)] ReadMemory at 0x7ffa1fc30000 of 64 bytes failed: Seule une partie d’une requête ReadProcessMemory ou WriteProcessMemory a été effectuée. (0x12B)
[1209/113638.152:WARNING:pe_image_reader.cc(340)] could not read dos header from C:\WINDOWS\System32\NSI.dll
[1209/113638.152:ERROR:process_memory_win.cc(73)] ReadMemory at 0x7ffa1bd90000 of 64 bytes failed: Seule une partie d’une requête ReadProcessMemory ou WriteProcessMemory a été effectuée. (0x12B)
[1209/113638.152:WARNING:pe_image_reader.cc(340)] could not read dos header from C:\WINDOWS\SYSTEM32\WINMMBASE.dll
[1209/113638.152:ERROR:process_memory_win.cc(73)] ReadMemory at 0x7ffa1ed90000 of 64 bytes failed: Seule une partie d’une requête ReadProcessMemory ou WriteProcessMemory a été effectuée. (0x12B)
[1209/113638.152:WARNING:pe_image_reader.cc(340)] could not read dos header from C:\WINDOWS\System32\cfgmgr32.dll
[1209/113638.152:ERROR:process_memory_win.cc(73)] ReadMemory at 0x7ffa1bac0000 of 64 bytes failed: Seule une partie d’une requête ReadProcessMemory ou WriteProcessMemory a été effectuée. (0x12B)
[1209/113638.152:WARNING:pe_image_reader.cc(340)] could not read dos header from C:\WINDOWS\SYSTEM32\PROPSYS.dll
[1209/113638.153:ERROR:process_memory_win.cc(73)] ReadMemory at 0x1db10280000 of 64 bytes failed: Seule une partie d’une requête ReadProcessMemory ou WriteProcessMemory a été effectuée. (0x12B)
[1209/113638.153:WARNING:pe_image_reader.cc(340)] could not read dos header from C:\WINDOWS\System32\shcore.dll
[1209/113638.153:ERROR:process_memory_win.cc(73)] ReadMemory at 0x7ffa1e6e0000 of 64 bytes failed: Seule une partie d’une requête ReadProcessMemory ou WriteProcessMemory a été effectuée. (0x12B)
[1209/113638.153:WARNING:pe_image_reader.cc(340)] could not read dos header from C:\WINDOWS\SYSTEM32\SSPICLI.DLL
[1209/113638.153:ERROR:process_memory_win.cc(73)] ReadMemory at 0x7ffa1e190000 of 64 bytes failed: Seule une partie d’une requête ReadProcessMemory ou WriteProcessMemory a été effectuée. (0x12B)
[1209/113638.153:WARNING:pe_image_reader.cc(340)] could not read dos header from C:\WINDOWS\SYSTEM32\CRYPTBASE.DLL
[1209/113638.153:ERROR:process_memory_win.cc(73)] ReadMemory at 0x7ff677990000 of 64 bytes failed: Seule une partie d’une requête ReadProcessMemory ou WriteProcessMemory a été effectuée. (0x12B)
[1209/113638.153:WARNING:pe_image_reader.cc(340)] could not read dos header from C:\Program Files (x86)\Google\Chrome\Application\chrome.exe
[1209/113638.153:ERROR:process_memory_win.cc(73)] ReadMemory at 0x7ffa21920000 of 64 bytes failed: Seule une partie d’une requête ReadProcessMemory ou WriteProcessMemory a été effectuée. (0x12B)
[1209/113638.153:WARNING:pe_image_reader.cc(340)] could not read dos header from C:\WINDOWS\SYSTEM32\ntdll.dll
[1209/113638.153:ERROR:process_memory_win.cc(73)] ReadMemory at 0x7ffa216e0000 of 64 bytes failed: Seule une partie d’une requête ReadProcessMemory ou WriteProcessMemory a été effectuée. (0x12B)
[1209/113638.153:WARNING:pe_image_reader.cc(340)] could not read dos header from C:\WINDOWS\System32\KERNEL32.DLL
[1209/113638.153:ERROR:process_memory_win.cc(73)] ReadMemory at 0x7ffa1e9e0000 of 64 bytes failed: Seule une partie d’une requête ReadProcessMemory ou WriteProcessMemory a été effectuée. (0x12B)
[1209/113638.153:WARNING:pe_image_reader.cc(340)] could not read dos header from C:\WINDOWS\System32\KERNELBASE.dll
[1209/113638.153:ERROR:process_memory_win.cc(73)] ReadMemory at 0x7ff9dab10000 of 64 bytes failed: Seule une partie d’une requête ReadProcessMemory ou WriteProcessMemory a été effectuée. (0x12B)
[1209/113638.153:WARNING:pe_image_reader.cc(340)] could not read dos header from C:\Program Files (x86)\Google\Chrome\Application\79.0.3945.88\chrome_elf.dll
[1209/113638.153:ERROR:process_memory_win.cc(73)] ReadMemory at 0x7ffa17600000 of 64 bytes failed: Seule une partie d’une requête ReadProcessMemory ou WriteProcessMemory a été effectuée. (0x12B)
[1209/113638.153:WARNING:pe_image_reader.cc(340)] could not read dos header from C:\WINDOWS\SYSTEM32\VERSION.dll
[1209/113638.153:ERROR:process_memory_win.cc(73)] ReadMemory at 0x7ffa20470000 of 64 bytes failed: Seule une partie d’une requête ReadProcessMemory ou WriteProcessMemory a été effectuée. (0x12B)
[1209/113638.153:WARNING:pe_image_reader.cc(340)] could not read dos header from C:\WINDOWS\System32\msvcrt.dll
[1209/113638.153:ERROR:process_memory_win.cc(73)] ReadMemory at 0x7ffa1f950000 of 64 bytes failed: Seule une partie d’une requête ReadProcessMemory ou WriteProcessMemory a été effectuée. (0x12B)
[1209/113638.153:WARNING:pe_image_reader.cc(340)] could not read dos header from C:\WINDOWS\System32\bcryptPrimitives.dll
[1209/113638.153:ERROR:process_memory_win.cc(73)] ReadMemory at 0x7ffa20370000 of 64 bytes failed: Seule une partie d’une requête ReadProcessMemory ou WriteProcessMemory a été effectuée. (0x12B)
[1209/113638.153:WARNING:pe_image_reader.cc(340)] could not read dos header from C:\WINDOWS\System32\ADVAPI32.dll
[1209/113638.153:ERROR:process_memory_win.cc(73)] ReadMemory at 0x7ffa201a0000 of 64 bytes failed: Seule une partie d’une requête ReadProcessMemory ou WriteProcessMemory a été effectuée. (0x12B)
[1209/113638.153:WARNING:pe_image_reader.cc(340)] could not read dos header from C:\WINDOWS\System32\sechost.dll
[1209/113638.153:ERROR:process_memory_win.cc(73)] ReadMemory at 0x7ffa1fb10000 of 64 bytes failed: Seule une partie d’une requête ReadProcessMemory ou WriteProcessMemory a été effectuée. (0x12B)
[1209/113638.153:WARNING:pe_image_reader.cc(340)] could not read dos header from C:\WINDOWS\System32\RPCRT4.dll
[1209/113638.153:ERROR:process_memory_win.cc(73)] ReadMemory at 0x7ff9b6260000 of 64 bytes failed: Seule une partie d’une requête ReadProcessMemory ou WriteProcessMemory a été effectuée. (0x12B)
[1209/113638.153:WARNING:pe_image_reader.cc(340)] could not read dos header from C:\Program Files (x86)\Google\Chrome\Application\79.0.3945.88\chrome_child.dll
[1209/113638.153:ERROR:process_memory_win.cc(73)] ReadMemory at 0x7ffa20c70000 of 64 bytes failed: Seule une partie d’une requête ReadProcessMemory ou WriteProcessMemory a été effectuée. (0x12B)
[1209/113638.153:WARNING:pe_image_reader.cc(340)] could not read dos header from C:\WINDOWS\System32\OLEAUT32.dll
[1209/113638.153:ERROR:process_memory_win.cc(73)] ReadMemory at 0x7ffa1f860000 of 64 bytes failed: Seule une partie d’une requête ReadProcessMemory ou WriteProcessMemory a été effectuée. (0x12B)
[1209/113638.153:WARNING:pe_image_reader.cc(340)] could not read dos header from C:\WINDOWS\System32\msvcp_win.dll
[1209/113638.153:ERROR:process_memory_win.cc(73)] ReadMemory at 0x7ffa1ec90000 of 64 bytes failed: Seule une partie d’une requête ReadProcessMemory ou WriteProcessMemory a été effectuée. (0x12B)
[1209/113638.153:WARNING:pe_image_reader.cc(340)] could not read dos header from C:\WINDOWS\System32\ucrtbase.dll
[1209/113638.153:ERROR:process_memory_win.cc(73)] ReadMemory at 0x7ffa20d40000 of 64 bytes failed: Seule une partie d’une requête ReadProcessMemory ou WriteProcessMemory a été effectuée. (0x12B)
[1209/113638.153:WARNING:pe_image_reader.cc(340)] could not read dos header from C:\WINDOWS\System32\combase.dll
[1209/113638.153:ERROR:process_memory_win.cc(73)] ReadMemory at 0x7ffa20510000 of 64 bytes failed: Seule une partie d’une requête ReadProcessMemory ou WriteProcessMemory a été effectuée. (0x12B)
[1209/113638.153:WARNING:pe_image_reader.cc(340)] could not read dos header from C:\WINDOWS\System32\WS2_32.dll
[1209/113638.153:ERROR:process_memory_win.cc(73)] ReadMemory at 0x7ffa1e980000 of 64 bytes failed: Seule une partie d’une requête ReadProcessMemory ou WriteProcessMemory a été effectuée. (0x12B)
[1209/113638.153:WARNING:pe_image_reader.cc(340)] could not read dos header from C:\WINDOWS\System32\WINTRUST.dll
[1209/113638.153:ERROR:process_memory_win.cc(73)] ReadMemory at 0x7ffa1e800000 of 64 bytes failed: Seule une partie d’une requête ReadProcessMemory ou WriteProcessMemory a été effectuée. (0x12B)
[1209/113638.153:WARNING:pe_image_reader.cc(340)] could not read dos header from C:\WINDOWS\System32\MSASN1.dll
[1209/113638.153:ERROR:process_memory_win.cc(73)] ReadMemory at 0x7ffa1ede0000 of 64 bytes failed: Seule une partie d’une requête ReadProcessMemory ou WriteProcessMemory a été effectuée. (0x12B)
[1209/113638.153:WARNING:pe_image_reader.cc(340)] could not read dos header from C:\WINDOWS\System32\CRYPT32.dll
[1209/113638.154:ERROR:process_memory_win.cc(73)] ReadMemory at 0x7ffa1dcd0000 of 64 bytes failed: Seule une partie d’une requête ReadProcessMemory ou WriteProcessMemory a été effectuée. (0x12B)
[1209/113638.154:WARNING:pe_image_reader.cc(340)] could not read dos header from C:\WINDOWS\SYSTEM32\IPHLPAPI.DLL
[1209/113638.154:ERROR:process_memory_win.cc(73)] ReadMemory at 0x7ffa1bdc0000 of 64 bytes failed: Seule une partie d’une requête ReadProcessMemory ou WriteProcessMemory a été effectuée. (0x12B)
[1209/113638.154:WARNING:pe_image_reader.cc(340)] could not read dos header from C:\WINDOWS\SYSTEM32\WINMM.dll
[1209/113638.154:ERROR:process_memory_win.cc(73)] ReadMemory at 0x7ffa1e6b0000 of 64 bytes failed: Seule une partie d’une requête ReadProcessMemory ou WriteProcessMemory a été effectuée. (0x12B)
[1209/113638.154:WARNING:pe_image_reader.cc(340)] could not read dos header from C:\WINDOWS\SYSTEM32\USERENV.dll
[1209/113638.154:ERROR:process_memory_win.cc(73)] ReadMemory at 0x7ffa1e870000 of 64 bytes failed: Seule une partie d’une requête ReadProcessMemory ou WriteProcessMemory a été effectuée. (0x12B)
[1209/113638.154:WARNING:pe_image_reader.cc(340)] could not read dos header from C:\WINDOWS\System32\profapi.dll
[1209/113638.154:ERROR:process_memory_win.cc(73)] ReadMemory at 0x7ff9f6940000 of 64 bytes failed: Seule une partie d’une requête ReadProcessMemory ou WriteProcessMemory a été effectuée. (0x12B)
[1209/113638.154:WARNING:pe_image_reader.cc(340)] could not read dos header from C:\WINDOWS\SYSTEM32\DWrite.dll
[1209/113638.154:ERROR:process_memory_win.cc(73)] ReadMemory at 0x7ffa026d0000 of 64 bytes failed: Seule une partie d’une requête ReadProcessMemory ou WriteProcessMemory a été effectuée. (0x12B)
[1209/113638.154:WARNING:pe_image_reader.cc(340)] could not read dos header from C:\WINDOWS\SYSTEM32\WINSPOOL.DRV
[1209/113638.154:ERROR:process_memory_win.cc(73)] ReadMemory at 0x7ffa1e7e0000 of 64 bytes failed: Seule une partie d’une requête ReadProcessMemory ou WriteProcessMemory a été effectuée. (0x12B)
[1209/113638.154:WARNING:pe_image_reader.cc(340)] could not read dos header from C:\WINDOWS\System32\kernel.appcore.dll
[1209/113638.154:ERROR:process_memory_win.cc(73)] ReadMemory at 0x7ffa1e8a0000 of 64 bytes failed: Seule une partie d’une requête ReadProcessMemory ou WriteProcessMemory a été effectuée. (0x12B)
[1209/113638.154:WARNING:pe_image_reader.cc(340)] could not read dos header from C:\WINDOWS\System32\bcrypt.dll
[1209/113638.154:ERROR:process_memory_win.cc(73)] ReadMemory at 0x7ffa1d0c0000 of 64 bytes failed: Seule une partie d’une requête ReadProcessMemory ou WriteProcessMemory a été effectuée. (0x12B)
[1209/113638.154:WARNING:pe_image_reader.cc(340)] could not read dos header from C:\WINDOWS\SYSTEM32\dbghelp.dll
[1209/113638.154:ERROR:process_memory_win.cc(73)] ReadMemory at 0x7ff9fb760000 of 64 bytes failed: Seule une partie d’une requête ReadProcessMemory ou WriteProcessMemory a été effectuée. (0x12B)
[1209/113638.154:WARNING:pe_image_reader.cc(340)] could not read dos header from C:\WINDOWS\SYSTEM32\Secur32.dll
[1209/113638.154:ERROR:process_memory_win.cc(73)] ReadMemory at 0x7ffa0cb40000 of 64 bytes failed: Seule une partie d’une requête ReadProcessMemory ou WriteProcessMemory a été effectuée. (0x12B)
[1209/113638.154:WARNING:pe_image_reader.cc(340)] could not read dos header from C:\WINDOWS\SYSTEM32\WINHTTP.dll
[1209/113638.154:ERROR:process_memory_win.cc(73)] ReadMemory at 0x7ffa144a0000 of 64 bytes failed: Seule une partie d’une requête ReadProcessMemory ou WriteProcessMemory a été effectuée. (0x12B)
[1209/113638.154:WARNING:pe_image_reader.cc(340)] could not read dos header from C:\WINDOWS\SYSTEM32\dhcpcsvc.DLL
[1209/113638.154:ERROR:process_memory_win.cc(73)] ReadMemory at 0x7ffa1fc30000 of 64 bytes failed: Seule une partie d’une requête ReadProcessMemory ou WriteProcessMemory a été effectuée. (0x12B)
[1209/113638.154:WARNING:pe_image_reader.cc(340)] could not read dos header from C:\WINDOWS\System32\NSI.dll
[1209/113638.154:ERROR:process_memory_win.cc(73)] ReadMemory at 0x7ffa1bd90000 of 64 bytes failed: Seule une partie d’une requête ReadProcessMemory ou WriteProcessMemory a été effectuée. (0x12B)
[1209/113638.154:WARNING:pe_image_reader.cc(340)] could not read dos header from C:\WINDOWS\SYSTEM32\WINMMBASE.dll
[1209/113638.154:ERROR:process_memory_win.cc(73)] ReadMemory at 0x7ffa1ed90000 of 64 bytes failed: Seule une partie d’une requête ReadProcessMemory ou WriteProcessMemory a été effectuée. (0x12B)
[1209/113638.154:WARNING:pe_image_reader.cc(340)] could not read dos header from C:\WINDOWS\System32\cfgmgr32.dll
[1209/113638.154:ERROR:process_memory_win.cc(73)] ReadMemory at 0x7ffa1bac0000 of 64 bytes failed: Seule une partie d’une requête ReadProcessMemory ou WriteProcessMemory a été effectuée. (0x12B)
[1209/113638.154:WARNING:pe_image_reader.cc(340)] could not read dos header from C:\WINDOWS\SYSTEM32\PROPSYS.dll
[1209/113638.154:ERROR:process_memory_win.cc(73)] ReadMemory at 0x1db10280000 of 64 bytes failed: Seule une partie d’une requête ReadProcessMemory ou WriteProcessMemory a été effectuée. (0x12B)
[1209/113638.154:WARNING:pe_image_reader.cc(340)] could not read dos header from C:\WINDOWS\System32\shcore.dll
[1209/113638.154:ERROR:process_memory_win.cc(73)] ReadMemory at 0x7ffa1e6e0000 of 64 bytes failed: Seule une partie d’une requête ReadProcessMemory ou WriteProcessMemory a été effectuée. (0x12B)
[1209/113638.154:WARNING:pe_image_reader.cc(340)] could not read dos header from C:\WINDOWS\SYSTEM32\SSPICLI.DLL
[1209/113638.154:ERROR:process_memory_win.cc(73)] ReadMemory at 0x7ffa1e190000 of 64 bytes failed: Seule une partie d’une requête ReadProcessMemory ou WriteProcessMemory a été effectuée. (0x12B)
[1209/113638.154:WARNING:pe_image_reader.cc(340)] could not read dos header from C:\WINDOWS\SYSTEM32\CRYPTBASE.DLL
[1209/113638.160:ERROR:process_memory_win.cc(73)] ReadMemory at 0x16745f9000 of 28672 bytes failed: Seule une partie d’une requête ReadProcessMemory ou WriteProcessMemory a été effectuée. (0x12B)
[1209/113638.160:ERROR:process_memory_win.cc(73)] ReadMemory at 0x1674dfd000 of 12288 bytes failed: Seule une partie d’une requête ReadProcessMemory ou WriteProcessMemory a été effectuée. (0x12B)
[1209/113638.160:ERROR:process_memory_win.cc(73)] ReadMemory at 0x16755fd000 of 12288 bytes failed: Seule une partie d’une requête ReadProcessMemory ou WriteProcessMemory a été effectuée. (0x12B)
[1209/113638.160:ERROR:process_memory_win.cc(73)] ReadMemory at 0x1675dfc000 of 16384 bytes failed: Seule une partie d’une requête ReadProcessMemory ou WriteProcessMemory a été effectuée. (0x12B)
[1209/113638.160:ERROR:process_memory_win.cc(73)] ReadMemory at 0x16765fc000 of 16384 bytes failed: Seule une partie d’une requête ReadProcessMemory ou WriteProcessMemory a été effectuée. (0x12B)
[1209/113638.161:ERROR:process_memory_win.cc(73)] ReadMemory at 0x1676dfe000 of 8192 bytes failed: Seule une partie d’une requête ReadProcessMemory ou WriteProcessMemory a été effectuée. (0x12B)
[1209/113638.161:ERROR:process_memory_win.cc(73)] ReadMemory at 0x16775fd000 of 12288 bytes failed: Seule une partie d’une requête ReadProcessMemory ou WriteProcessMemory a été effectuée. (0x12B)
[1209/113638.161:ERROR:process_memory_win.cc(73)] ReadMemory at 0x1677dfd000 of 12288 bytes failed: Seule une partie d’une requête ReadProcessMemory ou WriteProcessMemory a été effectuée. (0x12B)
[1209/113638.161:ERROR:process_memory_win.cc(73)] ReadMemory at 0x16785fd000 of 12288 bytes failed: Seule une partie d’une requête ReadProcessMemory ou WriteProcessMemory a été effectuée. (0x12B)
[1209/113638.161:ERROR:process_memory_win.cc(73)] ReadMemory at 0x1678dfd000 of 12288 bytes failed: Seule une partie d’une requête ReadProcessMemory ou WriteProcessMemory a été effectuée. (0x12B)
[1209/113638.161:ERROR:process_memory_win.cc(73)] ReadMemory at 0x16795fd000 of 12288 bytes failed: Seule une partie d’une requête ReadProcessMemory ou WriteProcessMemory a été effectuée. (0x12B)
[1209/113638.161:ERROR:process_memory_win.cc(73)] ReadMemory at 0x1679dfd000 of 12288 bytes failed: Seule une partie d’une requête ReadProcessMemory ou WriteProcessMemory a été effectuée. (0x12B)
[1209/113638.161:ERROR:process_memory_win.cc(73)] ReadMemory at 0x167a5fd000 of 12288 bytes failed: Seule une partie d’une requête ReadProcessMemory ou WriteProcessMemory a été effectuée. (0x12B)
[1209/113638.161:ERROR:process_memory_win.cc(73)] ReadMemory at 0x167adfd000 of 12288 bytes failed: Seule une partie d’une requête ReadProcessMemory ou WriteProcessMemory a été effectuée. (0x12B)
[1209/113638.161:ERROR:process_memory_win.cc(73)] ReadMemory at 0x167b5fd000 of 12288 bytes failed: Seule une partie d’une requête ReadProcessMemory ou WriteProcessMemory a été effectuée. (0x12B)
[1209/113638.161:ERROR:process_memory_win.cc(73)] ReadMemory at 0x167bdfd000 of 12288 bytes failed: Seule une partie d’une requête ReadProcessMemory ou WriteProcessMemory a été effectuée. (0x12B)
[1209/113638.161:ERROR:process_memory_win.cc(73)] ReadMemory at 0x1673d3c000 of 852 bytes failed: Seule une partie d’une requête ReadProcessMemory ou WriteProcessMemory a été effectuée. (0x12B)
[1209/113638.162:ERROR:process_memory_win.cc(73)] ReadMemory at 0x1673d3d000 of 6024 bytes failed: Seule une partie d’une requête ReadProcessMemory ou WriteProcessMemory a été effectuée. (0x12B)
[1209/113638.162:ERROR:process_memory_win.cc(73)] ReadMemory at 0x1673d3f000 of 6024 bytes failed: Seule une partie d’une requête ReadProcessMemory ou WriteProcessMemory a été effectuée. (0x12B)
[1209/113638.162:ERROR:process_memory_win.cc(73)] ReadMemory at 0x1673d41000 of 6024 bytes failed: Seule une partie d’une requête ReadProcessMemory ou WriteProcessMemory a été effectuée. (0x12B)
[1209/113638.162:ERROR:process_memory_win.cc(73)] ReadMemory at 0x1673d43000 of 6024 bytes failed: Seule une partie d’une requête ReadProcessMemory ou WriteProcessMemory a été effectuée. (0x12B)
[1209/113638.162:ERROR:process_memory_win.cc(73)] ReadMemory at 0x1673d45000 of 6024 bytes failed: Seule une partie d’une requête ReadProcessMemory ou WriteProcessMemory a été effectuée. (0x12B)
[1209/113638.162:ERROR:process_memory_win.cc(73)] ReadMemory at 0x1673d47000 of 6024 bytes failed: Seule une partie d’une requête ReadProcessMemory ou WriteProcessMemory a été effectuée. (0x12B)
[1209/113638.162:ERROR:process_memory_win.cc(73)] ReadMemory at 0x1673d49000 of 6024 bytes failed: Seule une partie d’une requête ReadProcessMemory ou WriteProcessMemory a été effectuée. (0x12B)
[1209/113638.162:ERROR:process_memory_win.cc(73)] ReadMemory at 0x1673d4b000 of 6024 bytes failed: Seule une partie d’une requête ReadProcessMemory ou WriteProcessMemory a été effectuée. (0x12B)
[1209/113638.162:ERROR:process_memory_win.cc(73)] ReadMemory at 0x1673d4d000 of 6024 bytes failed: Seule une partie d’une requête ReadProcessMemory ou WriteProcessMemory a été effectuée. (0x12B)
[1209/113638.162:ERROR:process_memory_win.cc(73)] ReadMemory at 0x1673d4f000 of 6024 bytes failed: Seule une partie d’une requête ReadProcessMemory ou WriteProcessMemory a été effectuée. (0x12B)
[1209/113638.162:ERROR:process_memory_win.cc(73)] ReadMemory at 0x1673d51000 of 6024 bytes failed: Seule une partie d’une requête ReadProcessMemory ou WriteProcessMemory a été effectuée. (0x12B)
[1209/113638.162:ERROR:process_memory_win.cc(73)] ReadMemory at 0x1673d53000 of 6024 bytes failed: Seule une partie d’une requête ReadProcessMemory ou WriteProcessMemory a été effectuée. (0x12B)
[1209/113638.162:ERROR:process_memory_win.cc(73)] ReadMemory at 0x1673d55000 of 6024 bytes failed: Seule une partie d’une requête ReadProcessMemory ou WriteProcessMemory a été effectuée. (0x12B)
[1209/113638.162:ERROR:process_memory_win.cc(73)] ReadMemory at 0x1673d57000 of 6024 bytes failed: Seule une partie d’une requête ReadProcessMemory ou WriteProcessMemory a été effectuée. (0x12B)
[1209/113638.163:ERROR:process_memory_win.cc(73)] ReadMemory at 0x1673d59000 of 6024 bytes failed: Seule une partie d’une requête ReadProcessMemory ou WriteProcessMemory a été effectuée. (0x12B)
[1209/113638.163:ERROR:process_memory_win.cc(73)] ReadMemory at 0x1673d5b000 of 6024 bytes failed: Seule une partie d’une requête ReadProcessMemory ou WriteProcessMemory a été effectuée. (0x12B)
[1209/113638.163:ERROR:process_memory_win.cc(73)] ReadMemory at 0x1db0ff90fe0 of 10416 bytes failed: Seule une partie d’une requête ReadProcessMemory ou WriteProcessMemory a été effectuée. (0x12B)
[1209/113638.163:ERROR:process_memory_win.cc(73)] ReadMemory at 0x1db0ff938a0 of 1012 bytes failed: Seule une partie d’une requête ReadProcessMemory ou WriteProcessMemory a été effectuée. (0x12B)
[1209/113638.163:ERROR:process_memory_win.cc(73)] ReadMemory at 0x1db0ff93ee8 of 118 bytes failed: Seule une partie d’une requête ReadProcessMemory ou WriteProcessMemory a été effectuée. (0x12B)
[1209/113638.163:ERROR:process_memory_win.cc(73)] ReadMemory at 0x1db0ff93f60 of 958 bytes failed: Seule une partie d’une requête ReadProcessMemory ou WriteProcessMemory a été effectuée. (0x12B)
[1209/113638.163:ERROR:process_memory_win.cc(73)] ReadMemory at 0x1db0ff94320 of 118 bytes failed: Seule une partie d’une requête ReadProcessMemory ou WriteProcessMemory a été effectuée. (0x12B)
[1209/113638.163:ERROR:process_memory_win.cc(73)] ReadMemory at 0x1db0ff94398 of 100 bytes failed: Seule une partie d’une requête ReadProcessMemory ou WriteProcessMemory a été effectuée. (0x12B)
[1209/113638.163:ERROR:process_memory_win.cc(73)] ReadMemory at 0x1db0ff94410 of 58 bytes failed: Seule une partie d’une requête ReadProcessMemory ou WriteProcessMemory a été effectuée. (0x12B)
[1209/113638.163:ERROR:process_memory_win.cc(73)] ReadMemory at 0x1db0ff94510 of 132 bytes failed: Seule une partie d’une requête ReadProcessMemory ou WriteProcessMemory a été effectuée. (0x12B)
[1209/113638.163:ERROR:process_memory_win.cc(73)] ReadMemory at 0x1db0ff946a0 of 132 bytes failed: Seule une partie d’une requête ReadProcessMemory ou WriteProcessMemory a été effectuée. (0x12B)
[1209/113638.163:ERROR:process_memory_win.cc(73)] ReadMemory at 0x1db0ff94860 of 124 bytes failed: Seule une partie d’une requête ReadProcessMemory ou WriteProcessMemory a été effectuée. (0x12B)
[1209/113638.163:ERROR:process_memory_win.cc(73)] ReadMemory at 0x1db0ff94c40 of 132 bytes failed: Seule une partie d’une requête ReadProcessMemory ou WriteProcessMemory a été effectuée. (0x12B)
[1209/113638.163:ERROR:process_memory_win.cc(73)] ReadMemory at 0x1db0ff94dd0 of 64 bytes failed: Seule une partie d’une requête ReadProcessMemory ou WriteProcessMemory a été effectuée. (0x12B)
[1209/113638.163:ERROR:process_memory_win.cc(73)] ReadMemory at 0x1db0ff94e20 of 132 bytes failed: Seule une partie d’une requête ReadProcessMemory ou WriteProcessMemory a été effectuée. (0x12B)
[1209/113638.163:ERROR:process_memory_win.cc(73)] ReadMemory at 0x1db0ff94f90 of 132 bytes failed: Seule une partie d’une requête ReadProcessMemory ou WriteProcessMemory a été effectuée. (0x12B)
[1209/113638.163:ERROR:process_memory_win.cc(73)] ReadMemory at 0x1db0ff95230 of 132 bytes failed: Seule une partie d’une requête ReadProcessMemory ou WriteProcessMemory a été effectuée. (0x12B)
[1209/113638.163:ERROR:process_memory_win.cc(73)] ReadMemory at 0x1db0ff953c0 of 68 bytes failed: Seule une partie d’une requête ReadProcessMemory ou WriteProcessMemory a été effectuée. (0x12B)
[1209/113638.164:ERROR:process_memory_win.cc(73)] ReadMemory at 0x1db0ff96410 of 156 bytes failed: Seule une partie d’une requête ReadProcessMemory ou WriteProcessMemory a été effectuée. (0x12B)
[1209/113638.164:ERROR:process_memory_win.cc(73)] ReadMemory at 0x1db0ff964f0 of 132 bytes failed: Seule une partie d’une requête ReadProcessMemory ou WriteProcessMemory a été effectuée. (0x12B)
[1209/113638.164:ERROR:process_memory_win.cc(73)] ReadMemory at 0x1db0ff96680 of 152 bytes failed: Seule une partie d’une requête ReadProcessMemory ou WriteProcessMemory a été effectuée. (0x12B)
[1209/113638.164:ERROR:process_memory_win.cc(73)] ReadMemory at 0x1db0ff97520 of 62 bytes failed: Seule une partie d’une requête ReadProcessMemory ou WriteProcessMemory a été effectuée. (0x12B)
[1209/113638.164:ERROR:process_memory_win.cc(73)] ReadMemory at 0x1db0ff97570 of 132 bytes failed: Seule une partie d’une requête ReadProcessMemory ou WriteProcessMemory a été effectuée. (0x12B)
[1209/113638.164:ERROR:process_memory_win.cc(73)] ReadMemory at 0x1db0ff97710 of 132 bytes failed: Seule une partie d’une requête ReadProcessMemory ou WriteProcessMemory a été effectuée. (0x12B)
[1209/113638.164:ERROR:process_memory_win.cc(73)] ReadMemory at 0x1db0ff97840 of 60 bytes failed: Seule une partie d’une requête ReadProcessMemory ou WriteProcessMemory a été effectuée. (0x12B)
[1209/113638.164:ERROR:process_memory_win.cc(73)] ReadMemory at 0x1db0ff986aa of 512 bytes failed: Seule une partie d’une requête ReadProcessMemory ou WriteProcessMemory a été effectuée. (0x12B)
[1209/113638.164:ERROR:process_memory_win.cc(73)] ReadMemory at 0x1db0ff9b0c0 of 132 bytes failed: Seule une partie d’une requête ReadProcessMemory ou WriteProcessMemory a été effectuée. (0x12B)
[1209/113638.164:ERROR:process_memory_win.cc(73)] ReadMemory at 0x1db0ff9b1f0 of 132 bytes failed: Seule une partie d’une requête ReadProcessMemory ou WriteProcessMemory a été effectuée. (0x12B)
[1209/113638.164:ERROR:process_memory_win.cc(73)] ReadMemory at 0x1db0ff9b400 of 132 bytes failed: Seule une partie d’une requête ReadProcessMemory ou WriteProcessMemory a été effectuée. (0x12B)
[1209/113638.164:ERROR:process_memory_win.cc(73)] ReadMemory at 0x1db0ff9b700 of 60 bytes failed: Seule une partie d’une requête ReadProcessMemory ou WriteProcessMemory a été effectuée. (0x12B)
[1209/113638.164:ERROR:process_memory_win.cc(73)] ReadMemory at 0x1db0ff9b750 of 64 bytes failed: Seule une partie d’une requête ReadProcessMemory ou WriteProcessMemory a été effectuée. (0x12B)
[1209/113638.164:ERROR:process_memory_win.cc(73)] ReadMemory at 0x1db0ff9b7a0 of 62 bytes failed: Seule une partie d’une requête ReadProcessMemory ou WriteProcessMemory a été effectuée. (0x12B)
[1209/113638.164:ERROR:process_memory_win.cc(73)] ReadMemory at 0x1db0ff9b840 of 64 bytes failed: Seule une partie d’une requête ReadProcessMemory ou WriteProcessMemory a été effectuée. (0x12B)
[1209/113638.164:ERROR:process_memory_win.cc(73)] ReadMemory at 0x1db0ff9b8e0 of 64 bytes failed: Seule une partie d’une requête ReadProcessMemory ou WriteProcessMemory a été effectuée. (0x12B)
[1209/113638.164:ERROR:process_memory_win.cc(73)] ReadMemory at 0x1db0ff9bb60 of 60 bytes failed: Seule une partie d’une requête ReadProcessMemory ou WriteProcessMemory a été effectuée. (0x12B)
[1209/113638.164:ERROR:process_memory_win.cc(73)] ReadMemory at 0x1db0ff9bc00 of 66 bytes failed: Seule une partie d’une requête ReadProcessMemory ou WriteProcessMemory a été effectuée. (0x12B)
[1209/113638.164:ERROR:process_memory_win.cc(73)] ReadMemory at 0x1db0ff9bc50 of 64 bytes failed: Seule une partie d’une requête ReadProcessMemory ou WriteProcessMemory a été effectuée. (0x12B)
[1209/113638.164:ERROR:process_memory_win.cc(73)] ReadMemory at 0x1db0ff9bca0 of 62 bytes failed: Seule une partie d’une requête ReadProcessMemory ou WriteProcessMemory a été effectuée. (0x12B)
[1209/113638.164:ERROR:process_memory_win.cc(73)] ReadMemory at 0x1db0ff9c3c0 of 132 bytes failed: Seule une partie d’une requête ReadProcessMemory ou WriteProcessMemory a été effectuée. (0x12B)
[1209/113638.164:ERROR:process_memory_win.cc(73)] ReadMemory at 0x1db0ff9c4f0 of 132 bytes failed: Seule une partie d’une requête ReadProcessMemory ou WriteProcessMemory a été effectuée. (0x12B)
[1209/113638.165:ERROR:process_memory_win.cc(73)] ReadMemory at 0x1db0ff9cd30 of 80 bytes failed: Seule une partie d’une requête ReadProcessMemory ou WriteProcessMemory a été effectuée. (0x12B)
[1209/113638.165:ERROR:process_memory_win.cc(73)] ReadMemory at 0x1db0ff9da60 of 76 bytes failed: Seule une partie d’une requête ReadProcessMemory ou WriteProcessMemory a été effectuée. (0x12B)
[1209/113638.165:ERROR:process_memory_win.cc(73)] ReadMemory at 0x1db0ff9e660 of 512 bytes failed: Seule une partie d’une requête ReadProcessMemory ou WriteProcessMemory a été effectuée. (0x12B)
[1209/113638.165:ERROR:process_memory_win.cc(73)] ReadMemory at 0x1db0ffa1b80 of 54 bytes failed: Seule une partie d’une requête ReadProcessMemory ou WriteProcessMemory a été effectuée. (0x12B)
[1209/113638.165:ERROR:process_memory_win.cc(73)] ReadMemory at 0x1db0ffa2a40 of 132 bytes failed: Seule une partie d’une requête ReadProcessMemory ou WriteProcessMemory a été effectuée. (0x12B)
[1209/113638.165:ERROR:process_memory_win.cc(73)] ReadMemory at 0x1db0ffa2d90 of 132 bytes failed: Seule une partie d’une requête ReadProcessMemory ou WriteProcessMemory a été effectuée. (0x12B)
[1209/113638.165:ERROR:process_memory_win.cc(73)] ReadMemory at 0x1db0ffa4b50 of 132 bytes failed: Seule une partie d’une requête ReadProcessMemory ou WriteProcessMemory a été effectuée. (0x12B)
[1209/113638.165:ERROR:process_memory_win.cc(73)] ReadMemory at 0x1db0ffa6bb0 of 132 bytes failed: Seule une partie d’une requête ReadProcessMemory ou WriteProcessMemory a été effectuée. (0x12B)
[1209/113638.165:ERROR:process_memory_win.cc(73)] ReadMemory at 0x1db0ffa6ce0 of 132 bytes failed: Seule une partie d’une requête ReadProcessMemory ou WriteProcessMemory a été effectuée. (0x12B)
[1209/113638.165:ERROR:process_memory_win.cc(73)] ReadMemory at 0x1db0ffa6e10 of 132 bytes failed: Seule une partie d’une requête ReadProcessMemory ou WriteProcessMemory a été effectuée. (0x12B)
[1209/113638.165:ERROR:process_memory_win.cc(73)] ReadMemory at 0x1db0ffa6f40 of 132 bytes failed: Seule une partie d’une requête ReadProcessMemory ou WriteProcessMemory a été effectuée. (0x12B)
[1209/113638.165:ERROR:process_memory_win.cc(73)] ReadMemory at 0x1db0ffa7070 of 132 bytes failed: Seule une partie d’une requête ReadProcessMemory ou WriteProcessMemory a été effectuée. (0x12B)
[1209/113638.165:ERROR:process_memory_win.cc(73)] ReadMemory at 0x1db0ffa71a0 of 132 bytes failed: Seule une partie d’une requête ReadProcessMemory ou WriteProcessMemory a été effectuée. (0x12B)
[1209/113638.165:ERROR:process_memory_win.cc(73)] ReadMemory at 0x1db0ffa72d0 of 132 bytes failed: Seule une partie d’une requête ReadProcessMemory ou WriteProcessMemory a été effectuée. (0x12B)
[1209/113638.165:ERROR:process_memory_win.cc(73)] ReadMemory at 0x1db0ffa7400 of 132 bytes failed: Seule une partie d’une requête ReadProcessMemory ou WriteProcessMemory a été effectuée. (0x12B)
[1209/113638.165:ERROR:process_memory_win.cc(73)] ReadMemory at 0x1db0ffa7530 of 132 bytes failed: Seule une partie d’une requête ReadProcessMemory ou WriteProcessMemory a été effectuée. (0x12B)
[1209/113638.165:ERROR:process_memory_win.cc(73)] ReadMemory at 0x1db0ffa7790 of 132 bytes failed: Seule une partie d’une requête ReadProcessMemory ou WriteProcessMemory a été effectuée. (0x12B)
[1209/113638.165:ERROR:process_memory_win.cc(73)] ReadMemory at 0x1db0ffa78c0 of 132 bytes failed: Seule une partie d’une requête ReadProcessMemory ou WriteProcessMemory a été effectuée. (0x12B)
[1209/113638.165:ERROR:process_memory_win.cc(73)] ReadMemory at 0x1db0ffa79f0 of 132 bytes failed: Seule une partie d’une requête ReadProcessMemory ou WriteProcessMemory a été effectuée. (0x12B)
[1209/113638.165:ERROR:process_memory_win.cc(73)] ReadMemory at 0x1db0ffa7d00 of 64 bytes failed: Seule une partie d’une requête ReadProcessMemory ou WriteProcessMemory a été effectuée. (0x12B)
[1209/113638.165:ERROR:process_memory_win.cc(73)] ReadMemory at 0x1db0ffa7e40 of 62 bytes failed: Seule une partie d’une requête ReadProcessMemory ou WriteProcessMemory a été effectuée. (0x12B)
[1209/113638.165:ERROR:process_memory_win.cc(73)] ReadMemory at 0x1db0ffa7f80 of 62 bytes failed: Seule une partie d’une requête ReadProcessMemory ou WriteProcessMemory a été effectuée. (0x12B)
[1209/113638.165:ERROR:process_memory_win.cc(73)] ReadMemory at 0x1db0ffa8070 of 60 bytes failed: Seule une partie d’une requête ReadProcessMemory ou WriteProcessMemory a été effectuée. (0x12B)
[1209/113638.166:ERROR:process_memory_win.cc(73)] ReadMemory at 0x1db0ffa8200 of 62 bytes failed: Seule une partie d’une requête ReadProcessMemory ou WriteProcessMemory a été effectuée. (0x12B)
[1209/113638.166:ERROR:process_memory_win.cc(73)] ReadMemory at 0x1db0ffa8250 of 62 bytes failed: Seule une partie d’une requête ReadProcessMemory ou WriteProcessMemory a été effectuée. (0x12B)
[1209/113638.166:ERROR:process_memory_win.cc(73)] ReadMemory at 0x1db0ffa8340 of 66 bytes failed: Seule une partie d’une requête ReadProcessMemory ou WriteProcessMemory a été effectuée. (0x12B)
[1209/113638.166:ERROR:process_memory_win.cc(73)] ReadMemory at 0x1db0ffa83e0 of 62 bytes failed: Seule une partie d’une requête ReadProcessMemory ou WriteProcessMemory a été effectuée. (0x12B)
[1209/113638.166:ERROR:process_memory_win.cc(73)] ReadMemory at 0x1db0ffa8520 of 62 bytes failed: Seule une partie d’une requête ReadProcessMemory ou WriteProcessMemory a été effectuée. (0x12B)
[1209/113638.166:ERROR:process_memory_win.cc(73)] ReadMemory at 0x1db0ffa8570 of 64 bytes failed: Seule une partie d’une requête ReadProcessMemory ou WriteProcessMemory a été effectuée. (0x12B)
[1209/113638.166:ERROR:process_memory_win.cc(73)] ReadMemory at 0x1db0ffa8610 of 62 bytes failed: Seule une partie d’une requête ReadProcessMemory ou WriteProcessMemory a été effectuée. (0x12B)
[1209/113638.166:ERROR:process_memory_win.cc(73)] ReadMemory at 0x1db0ffa8660 of 60 bytes failed: Seule une partie d’une requête ReadProcessMemory ou WriteProcessMemory a été effectuée. (0x12B)
[1209/113638.166:ERROR:process_memory_win.cc(73)] ReadMemory at 0x1db0ffa8700 of 60 bytes failed: Seule une partie d’une requête ReadProcessMemory ou WriteProcessMemory a été effectuée. (0x12B)
[1209/113638.166:ERROR:process_memory_win.cc(73)] ReadMemory at 0x1db0ffa87a0 of 62 bytes failed: Seule une partie d’une requête ReadProcessMemory ou WriteProcessMemory a été effectuée. (0x12B)
[1209/113638.166:ERROR:process_memory_win.cc(73)] ReadMemory at 0x1db0ffa8840 of 64 bytes failed: Seule une partie d’une requête ReadProcessMemory ou WriteProcessMemory a été effectuée. (0x12B)
[1209/113638.166:ERROR:process_memory_win.cc(73)] ReadMemory at 0x1db0ffa8930 of 64 bytes failed: Seule une partie d’une requête ReadProcessMemory ou WriteProcessMemory a été effectuée. (0x12B)
[1209/113638.166:ERROR:process_memory_win.cc(73)] ReadMemory at 0x1db0ffa8a20 of 58 bytes failed: Seule une partie d’une requête ReadProcessMemory ou WriteProcessMemory a été effectuée. (0x12B)
[1209/113638.166:ERROR:process_memory_win.cc(73)] ReadMemory at 0x1db0ffa8ac0 of 60 bytes failed: Seule une partie d’une requête ReadProcessMemory ou WriteProcessMemory a été effectuée. (0x12B)
[1209/113638.166:ERROR:process_memory_win.cc(73)] ReadMemory at 0x1db0ffa98f0 of 132 bytes failed: Seule une partie d’une requête ReadProcessMemory ou WriteProcessMemory a été effectuée. (0x12B)
[1209/113638.166:ERROR:process_memory_win.cc(73)] ReadMemory at 0x1db0ffa9a20 of 132 bytes failed: Seule une partie d’une requête ReadProcessMemory ou WriteProcessMemory a été effectuée. (0x12B)
[1209/113638.166:ERROR:process_memory_win.cc(73)] ReadMemory at 0x1db0ffa9b50 of 132 bytes failed: Seule une partie d’une requête ReadProcessMemory ou WriteProcessMemory a été effectuée. (0x12B)
[1209/113638.166:ERROR:process_memory_win.cc(73)] ReadMemory at 0x1db0ffaa010 of 132 bytes failed: Seule une partie d’une requête ReadProcessMemory ou WriteProcessMemory a été effectuée. (0x12B)
[1209/113638.166:ERROR:process_memory_win.cc(73)] ReadMemory at 0x1db0ffaa140 of 132 bytes failed: Seule une partie d’une requête ReadProcessMemory ou WriteProcessMemory a été effectuée. (0x12B)
[1209/113638.166:ERROR:process_memory_win.cc(73)] ReadMemory at 0x1db0ffaabf0 of 132 bytes failed: Seule une partie d’une requête ReadProcessMemory ou WriteProcessMemory a été effectuée. (0x12B)
[1209/113638.166:ERROR:process_memory_win.cc(73)] ReadMemory at 0x1db0ffaaf80 of 132 bytes failed: Seule une partie d’une requête ReadProcessMemory ou WriteProcessMemory a été effectuée. (0x12B)
[1209/113638.167:ERROR:process_memory_win.cc(73)] ReadMemory at 0x1db0ffab0b0 of 132 bytes failed: Seule une partie d’une requête ReadProcessMemory ou WriteProcessMemory a été effectuée. (0x12B)
[1209/113638.167:ERROR:process_memory_win.cc(73)] ReadMemory at 0x1db0ffab1e0 of 132 bytes failed: Seule une partie d’une requête ReadProcessMemory ou WriteProcessMemory a été effectuée. (0x12B)
[1209/113638.167:ERROR:process_memory_win.cc(73)] ReadMemory at 0x1db0ffbe050 of 512 bytes failed: Seule une partie d’une requête ReadProcessMemory ou WriteProcessMemory a été effectuée. (0x12B)
[1209/113638.167:ERROR:process_memory_win.cc(73)] ReadMemory at 0x1db10230c40 of 512 bytes failed: Seule une partie d’une requête ReadProcessMemory ou WriteProcessMemory a été effectuée. (0x12B)
[1209/113638.167:ERROR:process_memory_win.cc(73)] ReadMemory at 0x1db103ea9a0 of 800 bytes failed: Seule une partie d’une requête ReadProcessMemory ou WriteProcessMemory a été effectuée. (0x12B)
[1209/113638.167:ERROR:process_memory_win.cc(73)] ReadMemory at 0x1db103f74d0 of 512 bytes failed: Seule une partie d’une requête ReadProcessMemory ou WriteProcessMemory a été effectuée. (0x12B)
[1209/113638.167:ERROR:process_memory_win.cc(73)] ReadMemory at 0x1db103fb320 of 512 bytes failed: Seule une partie d’une requête ReadProcessMemory ou WriteProcessMemory a été effectuée. (0x12B)
[1209/113638.167:ERROR:process_memory_win.cc(73)] ReadMemory at 0x1db103fccf0 of 512 bytes failed: Seule une partie d’une requête ReadProcessMemory ou WriteProcessMemory a été effectuée. (0x12B)
[1209/113638.167:ERROR:process_memory_win.cc(73)] ReadMemory at 0x1db1040d560 of 512 bytes failed: Seule une partie d’une requête ReadProcessMemory ou WriteProcessMemory a été effectuée. (0x12B)
[1209/113638.167:ERROR:process_memory_win.cc(73)] ReadMemory at 0x1db10419020 of 712 bytes failed: Seule une partie d’une requête ReadProcessMemory ou WriteProcessMemory a été effectuée. (0x12B)
[1209/113638.167:ERROR:process_memory_win.cc(73)] ReadMemory at 0x1db1043a0f0 of 512 bytes failed: Seule une partie d’une requête ReadProcessMemory ou WriteProcessMemory a été effectuée. (0x12B)
[1209/113638.167:ERROR:process_memory_win.cc(73)] ReadMemory at 0x1db10445d18 of 1088 bytes failed: Seule une partie d’une requête ReadProcessMemory ou WriteProcessMemory a été effectuée. (0x12B)
[1209/113638.167:ERROR:process_memory_win.cc(73)] ReadMemory at 0x1db10446858 of 512 bytes failed: Seule une partie d’une requête ReadProcessMemory ou WriteProcessMemory a été effectuée. (0x12B)
[1209/113638.167:ERROR:process_memory_win.cc(73)] ReadMemory at 0x1db10447158 of 512 bytes failed: Seule une partie d’une requête ReadProcessMemory ou WriteProcessMemory a été effectuée. (0x12B)
[1209/113638.167:ERROR:process_memory_win.cc(73)] ReadMemory at 0x1db1044bce0 of 512 bytes failed: Seule une partie d’une requête ReadProcessMemory ou WriteProcessMemory a été effectuée. (0x12B)
[1209/113638.167:ERROR:process_memory_win.cc(73)] ReadMemory at 0x1db12267c20 of 512 bytes failed: Seule une partie d’une requête ReadProcessMemory ou WriteProcessMemory a été effectuée. (0x12B)
[1209/113638.168:ERROR:process_memory_win.cc(73)] ReadMemory at 0x1db122b3500 of 512 bytes failed: Seule une partie d’une requête ReadProcessMemory ou WriteProcessMemory a été effectuée. (0x12B)
[1209/113638.168:ERROR:process_memory_win.cc(73)] ReadMemory at 0x1db122b6f50 of 512 bytes failed: Seule une partie d’une requête ReadProcessMemory ou WriteProcessMemory a été effectuée. (0x12B)
[1209/113638.168:ERROR:process_memory_win.cc(73)] ReadMemory at 0x1db123f5110 of 512 bytes failed: Seule une partie d’une requête ReadProcessMemory ou WriteProcessMemory a été effectuée. (0x12B)
[1209/113638.168:ERROR:process_memory_win.cc(73)] ReadMemory at 0x1db123faf28 of 512 bytes failed: Seule une partie d’une requête ReadProcessMemory ou WriteProcessMemory a été effectuée. (0x12B)
[1209/113638.168:ERROR:process_memory_win.cc(73)] ReadMemory at 0x7ff9b7d1eeac of 512 bytes failed: Seule une partie d’une requête ReadProcessMemory ou WriteProcessMemory a été effectuée. (0x12B)
[1209/113638.168:ERROR:process_memory_win.cc(73)] ReadMemory at 0x7ff9b848e7b8 of 553 bytes failed: Seule une partie d’une requête ReadProcessMemory ou WriteProcessMemory a été effectuée. (0x12B)
[1209/113638.168:ERROR:process_memory_win.cc(73)] ReadMemory at 0x7ffa1ec4d700 of 512 bytes failed: Seule une partie d’une requête ReadProcessMemory ou WriteProcessMemory a été effectuée. (0x12B)
[1209/113638.168:ERROR:process_memory_win.cc(73)] ReadMemory at 0x7ffa219bc6f4 of 672 bytes failed: Seule une partie d’une requête ReadProcessMemory ou WriteProcessMemory a été effectuée. (0x12B)
[1209/113638.168:ERROR:process_memory_win.cc(73)] ReadMemory at 0x7ffa219bccf4 of 512 bytes failed: Seule une partie d’une requête ReadProcessMemory ou WriteProcessMemory a été effectuée. (0x12B)
[1209/113638.168:ERROR:process_memory_win.cc(73)] ReadMemory at 0x7ffa219bffa4 of 608 bytes failed: Seule une partie d’une requête ReadProcessMemory ou WriteProcessMemory a été effectuée. (0x12B)
[1209/113638.168:ERROR:process_memory_win.cc(73)] ReadMemory at 0x7ffa21a4c428 of 18 bytes failed: Seule une partie d’une requête ReadProcessMemory ou WriteProcessMemory a été effectuée. (0x12B)
[1209/113638.168:ERROR:process_memory_win.cc(73)] ReadMemory at 0x7ffa21a7f4f8 of 40 bytes failed: Seule une partie d’une requête ReadProcessMemory ou WriteProcessMemory a été effectuée. (0x12B)
[1209/113638.168:ERROR:process_memory_win.cc(73)] ReadMemory at 0x7ffa21a7f978 of 48 bytes failed: Seule une partie d’une requête ReadProcessMemory ou WriteProcessMemory a été effectuée. (0x12B)
[1209/113638.168:ERROR:process_memory_win.cc(73)] ReadMemory at 0x7ffa21a853c0 of 64 bytes failed: Seule une partie d’une requête ReadProcessMemory ou WriteProcessMemory a été effectuée. (0x12B)
[1209/113638.170:ERROR:scoped_process_suspend.cc(40)] NtResumeProcess: Tentative d’accès à un processus en cours d’arrêt. (0xc000010a)
